<?xml version="1.0" encoding="UTF-8"?>
<!-- Generated by org.testng.reporters.JUnitXMLReporter -->
<testsuite hostname="AHM-L-0117-070" ignored="0" name="CheckoutProcess" tests="1" failures="1" timestamp="2020-05-04T14:23:17 IST" time="45.524" errors="0">
  <testcase name="verifyCheckoutProcess" time="45.452" classname="testScenarios.VerifyEntireCheckoutProcess">
    <failure type="java.lang.AssertionError" message="verifyCheckout expected [true] but found [false]">
      <![CDATA[java.lang.AssertionError: verifyCheckout expected [true] but found [false]
at testScenarios.VerifyEntireCheckoutProcess.verifyCheckoutProcess(VerifyEntireCheckoutProcess.java:40)
at java.util.ArrayList.forEach(Unknown Source)
... Removed 30 stack frames]]>
    </failure>
  </testcase> <!-- verifyCheckoutProcess -->
</testsuite> <!-- CheckoutProcess -->
